<?xml version="1.0" encoding="UTF-8"?>
<!-- Generated by org.testng.reporters.JUnitXMLReporter -->
<testsuite hostname="DESKTOP-S9VNJOV" ignored="0" name="Mode Trsnsportation 2G" tests="1" failures="1" timestamp="17 Aug 2019 12:33:01 GMT" time="16.872" errors="0">
  <testcase name="loginTest" time="0.072" classname="com.modeTransportation2G.testCases.TC_LoginTest">
    <failure type="java.lang.IllegalArgumentException" message="Keys to send should be a not null CharSequence">
      <![CDATA[java.lang.IllegalArgumentException: Keys to send should be a not null CharSequence
at org.openqa.selenium.remote.RemoteWebElement.sendKeys(RemoteWebElement.java:97)
at org.openqa.selenium.support.pagefactory.internal.LocatingElementHandler.invoke(LocatingElementHandler.java:51)
at com.sun.proxy.$Proxy27.sendKeys(Unknown Source)
at com.modeTransportation2G.pageObjects.LoginPage.setUserName(LoginPage.java:38)
at com.modeTransportation2G.testCases.TC_LoginTest.loginTest(TC_LoginTest.java:17)
... Removed 29 stack frames]]>
    </failure>
  </testcase> <!-- loginTest -->
</testsuite> <!-- Mode Trsnsportation 2G -->
